# JRE version: OpenJDK Runtime Environment (17.0.7) (build 17.0.7+0-b2043.56-10550314)
# Java VM: OpenJDK 64-Bit Server VM (17.0.7+0-b2043.56-10550314, mixed mode, tiered, compressed oops, compressed class ptrs, g1 gc, windows-amd64)
GC Precious Log:
 CPUs: 8 total, 8 available
 Memory: 16122M
 Large Page Support: Disabled
 NUMA Support: Disabled
 Compressed Oops: Enabled (32-bit)
 Heap Region Size: 1M
 Heap Min Capacity: 8M
 Heap Initial Capacity: 252M
 Heap Max Capacity: 2G
 Pre-touch: Disabled
 Parallel Workers: 8
 Concurrent Workers: 2
 Concurrent Refinement Workers: 8
 Periodic GC: Disabled
Heap:
 garbage-first heap   total 258048K, used 156460K [0x0000000080000000, 0x0000000100000000)
  region size 1024K, 2 young (2048K), 2 survivors (2048K)
 Metaspace       used 99347K, committed 100160K, reserved 1179648K
  class space    used 13702K, committed 14080K, reserved 1048576K
GC Heap History (20 events):
Event: 7.189 GC heap after
{Heap after GC invocations=28 (full 0):
 garbage-first heap   total 239616K, used 73177K [0x0000000080000000, 0x0000000100000000)
  region size 1024K, 4 young (4096K), 4 survivors (4096K)
 Metaspace       used 57666K, committed 58304K, reserved 1114112K
  class space    used 7808K, committed 8128K, reserved 1048576K
}
Event: 8.586 GC heap before
{Heap before GC invocations=29 (full 0):
 garbage-first heap   total 239616K, used 195033K [0x0000000080000000, 0x0000000100000000)
  region size 1024K, 110 young (112640K), 4 survivors (4096K)
 Metaspace       used 67844K, committed 68480K, reserved 1114112K
  class space    used 9570K, committed 9856K, reserved 1048576K
}
Event: 8.594 GC heap after
{Heap after GC invocations=30 (full 0):
 garbage-first heap   total 239616K, used 98413K [0x0000000080000000, 0x0000000100000000)
  region size 1024K, 14 young (14336K), 14 survivors (14336K)
 Metaspace       used 67844K, committed 68480K, reserved 1114112K
  class space    used 9570K, committed 9856K, reserved 1048576K
}
Event: 8.607 GC heap before
{Heap before GC invocations=30 (full 0):
 garbage-first heap   total 239616K, used 99437K [0x0000000080000000, 0x0000000100000000)
  region size 1024K, 15 young (15360K), 14 survivors (14336K)
 Metaspace       used 68006K, committed 68608K, reserved 1114112K
  class space    used 9585K, committed 9856K, reserved 1048576K
}
Event: 8.613 GC heap after
{Heap after GC invocations=31 (full 0):
 garbage-first heap   total 239616K, used 99229K [0x0000000080000000, 0x0000000100000000)
  region size 1024K, 2 young (2048K), 2 survivors (2048K)
 Metaspace       used 68006K, committed 68608K, reserved 1114112K
  class space    used 9585K, committed 9856K, reserved 1048576K
}
Event: 9.603 GC heap before
{Heap before GC invocations=31 (full 0):
 garbage-first heap   total 239616K, used 181149K [0x0000000080000000, 0x0000000100000000)
  region size 1024K, 76 young (77824K), 2 survivors (2048K)
 Metaspace       used 75131K, committed 75904K, reserved 1114112K
  class space    used 10562K, committed 10944K, reserved 1048576K
}
Event: 9.607 GC heap after
{Heap after GC invocations=32 (full 0):
 garbage-first heap   total 239616K, used 104910K [0x0000000080000000, 0x0000000100000000)
  region size 1024K, 7 young (7168K), 7 survivors (7168K)
 Metaspace       used 75131K, committed 75904K, reserved 1114112K
  class space    used 10562K, committed 10944K, reserved 1048576K
}
Event: 10.444 GC heap before
{Heap before GC invocations=32 (full 0):
 garbage-first heap   total 239616K, used 183758K [0x0000000080000000, 0x0000000100000000)
  region size 1024K, 80 young (81920K), 7 survivors (7168K)
 Metaspace       used 82032K, committed 82816K, reserved 1179648K
  class space    used 11533K, committed 11904K, reserved 1048576K
}
Event: 10.450 GC heap after
{Heap after GC invocations=33 (full 0):
 garbage-first heap   total 239616K, used 112844K [0x0000000080000000, 0x0000000100000000)
  region size 1024K, 5 young (5120K), 5 survivors (5120K)
 Metaspace       used 82032K, committed 82816K, reserved 1179648K
  class space    used 11533K, committed 11904K, reserved 1048576K
}
Event: 11.241 GC heap before
{Heap before GC invocations=33 (full 0):
 garbage-first heap   total 239616K, used 185548K [0x0000000080000000, 0x0000000100000000)
  region size 1024K, 77 young (78848K), 5 survivors (5120K)
 Metaspace       used 86417K, committed 87168K, reserved 1179648K
  class space    used 12119K, committed 12480K, reserved 1048576K
}
Event: 11.249 GC heap after
{Heap after GC invocations=34 (full 0):
 garbage-first heap   total 239616K, used 118769K [0x0000000080000000, 0x0000000100000000)
  region size 1024K, 10 young (10240K), 10 survivors (10240K)
 Metaspace       used 86417K, committed 87168K, reserved 1179648K
  class space    used 12119K, committed 12480K, reserved 1048576K
}
Event: 12.112 GC heap before
{Heap before GC invocations=35 (full 0):
 garbage-first heap   total 239616K, used 200689K [0x0000000080000000, 0x0000000100000000)
  region size 1024K, 79 young (80896K), 10 survivors (10240K)
 Metaspace       used 94951K, committed 95744K, reserved 1179648K
  class space    used 13198K, committed 13568K, reserved 1048576K
}
Event: 12.120 GC heap after
{Heap after GC invocations=36 (full 0):
 garbage-first heap   total 239616K, used 134690K [0x0000000080000000, 0x0000000100000000)
  region size 1024K, 5 young (5120K), 5 survivors (5120K)
 Metaspace       used 94951K, committed 95744K, reserved 1179648K
  class space    used 13198K, committed 13568K, reserved 1048576K
}
Event: 12.138 GC heap before
{Heap before GC invocations=36 (full 0):
 garbage-first heap   total 239616K, used 140834K [0x0000000080000000, 0x0000000100000000)
  region size 1024K, 11 young (11264K), 5 survivors (5120K)
 Metaspace       used 94951K, committed 95744K, reserved 1179648K
  class space    used 13198K, committed 13568K, reserved 1048576K
}
Event: 12.144 GC heap after
{Heap after GC invocations=37 (full 0):
 garbage-first heap   total 239616K, used 135698K [0x0000000080000000, 0x0000000100000000)
  region size 1024K, 2 young (2048K), 2 survivors (2048K)
 Metaspace       used 94951K, committed 95744K, reserved 1179648K
  class space    used 13198K, committed 13568K, reserved 1048576K
}
Event: 12.527 GC heap before
{Heap before GC invocations=37 (full 0):
 garbage-first heap   total 239616K, used 196114K [0x0000000080000000, 0x0000000100000000)
  region size 1024K, 61 young (62464K), 2 survivors (2048K)
 Metaspace       used 95124K, committed 95872K, reserved 1179648K
  class space    used 13204K, committed 13568K, reserved 1048576K
}
Event: 12.542 GC heap after
{Heap after GC invocations=38 (full 0):
 garbage-first heap   total 239616K, used 149134K [0x0000000080000000, 0x0000000100000000)
  region size 1024K, 8 young (8192K), 8 survivors (8192K)
 Metaspace       used 95124K, committed 95872K, reserved 1179648K
  class space    used 13204K, committed 13568K, reserved 1048576K
}
Event: 13.007 GC heap before
{Heap before GC invocations=38 (full 0):
 garbage-first heap   total 239616K, used 193166K [0x0000000080000000, 0x0000000100000000)
  region size 1024K, 51 young (52224K), 8 survivors (8192K)
 Metaspace       used 98688K, committed 99520K, reserved 1179648K
  class space    used 13620K, committed 14016K, reserved 1048576K
}
Event: 13.016 GC heap after
{Heap after GC invocations=39 (full 0):
 garbage-first heap   total 239616K, used 155086K [0x0000000080000000, 0x0000000100000000)
  region size 1024K, 5 young (5120K), 5 survivors (5120K)
 Metaspace       used 98688K, committed 99520K, reserved 1179648K
  class space    used 13620K, committed 14016K, reserved 1048576K
}
Event: 13.078 GC heap before
{Heap before GC invocations=39 (full 0):
 garbage-first heap   total 239616K, used 161230K [0x0000000080000000, 0x0000000100000000)
  region size 1024K, 12 young (12288K), 5 survivors (5120K)
 Metaspace       used 99347K, committed 100160K, reserved 1179648K
  class space    used 13702K, committed 14080K, reserved 1048576K
}

