# JRE version: OpenJDK Runtime Environment (17.0.7) (build 17.0.7+0-b2043.56-10550314)
# Java VM: OpenJDK 64-Bit Server VM (17.0.7+0-b2043.56-10550314, mixed mode, tiered, compressed oops, compressed class ptrs, g1 gc, windows-amd64)
GC Precious Log:
 CPUs: 8 total, 8 available
 Memory: 16122M
 Large Page Support: Disabled
 NUMA Support: Disabled
 Compressed Oops: Enabled (32-bit)
 Heap Region Size: 1M
 Heap Min Capacity: 8M
 Heap Initial Capacity: 252M
 Heap Max Capacity: 2G
 Pre-touch: Disabled
 Parallel Workers: 8
 Concurrent Workers: 2
 Concurrent Refinement Workers: 8
 Periodic GC: Disabled
Heap:
 garbage-first heap   total 258048K, used 152508K [0x0000000080000000, 0x0000000100000000)
  region size 1024K, 2 young (2048K), 2 survivors (2048K)
 Metaspace       used 97710K, committed 98496K, reserved 1179648K
  class space    used 13491K, committed 13888K, reserved 1048576K
GC Heap History (20 events):
Event: 8.563 GC heap after
{Heap after GC invocations=37 (full 0):
 garbage-first heap   total 218112K, used 102400K [0x0000000080000000, 0x0000000100000000)
  region size 1024K, 5 young (5120K), 5 survivors (5120K)
 Metaspace       used 68391K, committed 69056K, reserved 1114112K
  class space    used 9194K, committed 9472K, reserved 1048576K
}
Event: 9.067 GC heap before
{Heap before GC invocations=38 (full 0):
 garbage-first heap   total 218112K, used 157696K [0x0000000080000000, 0x0000000100000000)
  region size 1024K, 54 young (55296K), 5 survivors (5120K)
 Metaspace       used 71551K, committed 72256K, reserved 1114112K
  class space    used 9634K, committed 9920K, reserved 1048576K
}
Event: 9.071 GC heap after
{Heap after GC invocations=39 (full 0):
 garbage-first heap   total 218112K, used 104146K [0x0000000080000000, 0x0000000100000000)
  region size 1024K, 5 young (5120K), 5 survivors (5120K)
 Metaspace       used 71551K, committed 72256K, reserved 1114112K
  class space    used 9634K, committed 9920K, reserved 1048576K
}
Event: 9.115 GC heap before
{Heap before GC invocations=39 (full 0):
 garbage-first heap   total 218112K, used 108242K [0x0000000080000000, 0x0000000100000000)
  region size 1024K, 10 young (10240K), 5 survivors (5120K)
 Metaspace       used 71987K, committed 72704K, reserved 1114112K
  class space    used 9679K, committed 10048K, reserved 1048576K
}
Event: 9.118 GC heap after
{Heap after GC invocations=40 (full 0):
 garbage-first heap   total 218112K, used 104225K [0x0000000080000000, 0x0000000100000000)
  region size 1024K, 1 young (1024K), 1 survivors (1024K)
 Metaspace       used 71987K, committed 72704K, reserved 1114112K
  class space    used 9679K, committed 10048K, reserved 1048576K
}
Event: 9.791 GC heap before
{Heap before GC invocations=40 (full 0):
 garbage-first heap   total 218112K, used 168737K [0x0000000080000000, 0x0000000100000000)
  region size 1024K, 60 young (61440K), 1 survivors (1024K)
 Metaspace       used 77782K, committed 78528K, reserved 1179648K
  class space    used 10510K, committed 10880K, reserved 1048576K
}
Event: 9.794 GC heap after
{Heap after GC invocations=41 (full 0):
 garbage-first heap   total 218112K, used 111298K [0x0000000080000000, 0x0000000100000000)
  region size 1024K, 4 young (4096K), 4 survivors (4096K)
 Metaspace       used 77782K, committed 78528K, reserved 1179648K
  class space    used 10510K, committed 10880K, reserved 1048576K
}
Event: 10.389 GC heap before
{Heap before GC invocations=42 (full 0):
 garbage-first heap   total 218112K, used 167618K [0x0000000080000000, 0x0000000100000000)
  region size 1024K, 59 young (60416K), 4 survivors (4096K)
 Metaspace       used 80783K, committed 81536K, reserved 1179648K
  class space    used 10919K, committed 11264K, reserved 1048576K
}
Event: 10.397 GC heap after
{Heap after GC invocations=43 (full 0):
 garbage-first heap   total 218112K, used 116482K [0x0000000080000000, 0x0000000100000000)
  region size 1024K, 8 young (8192K), 8 survivors (8192K)
 Metaspace       used 80783K, committed 81536K, reserved 1179648K
  class space    used 10919K, committed 11264K, reserved 1048576K
}
Event: 10.407 GC heap before
{Heap before GC invocations=43 (full 0):
 garbage-first heap   total 218112K, used 118530K [0x0000000080000000, 0x0000000100000000)
  region size 1024K, 10 young (10240K), 8 survivors (8192K)
 Metaspace       used 80783K, committed 81536K, reserved 1179648K
  class space    used 10919K, committed 11264K, reserved 1048576K
}
Event: 10.414 GC heap after
{Heap after GC invocations=44 (full 0):
 garbage-first heap   total 218112K, used 116586K [0x0000000080000000, 0x0000000100000000)
  region size 1024K, 2 young (2048K), 2 survivors (2048K)
 Metaspace       used 80783K, committed 81536K, reserved 1179648K
  class space    used 10919K, committed 11264K, reserved 1048576K
}
Event: 10.990 GC heap before
{Heap before GC invocations=44 (full 0):
 garbage-first heap   total 218112K, used 173930K [0x0000000080000000, 0x0000000100000000)
  region size 1024K, 54 young (55296K), 2 survivors (2048K)
 Metaspace       used 87179K, committed 88000K, reserved 1179648K
  class space    used 11708K, committed 12096K, reserved 1048576K
}
Event: 10.993 GC heap after
{Heap after GC invocations=45 (full 0):
 garbage-first heap   total 218112K, used 122144K [0x0000000080000000, 0x0000000100000000)
  region size 1024K, 3 young (3072K), 3 survivors (3072K)
 Metaspace       used 87179K, committed 88000K, reserved 1179648K
  class space    used 11708K, committed 12096K, reserved 1048576K
}
Event: 11.540 GC heap before
{Heap before GC invocations=45 (full 0):
 garbage-first heap   total 218112K, used 181536K [0x0000000080000000, 0x0000000100000000)
  region size 1024K, 54 young (55296K), 3 survivors (3072K)
 Metaspace       used 94359K, committed 95168K, reserved 1179648K
  class space    used 13105K, committed 13504K, reserved 1048576K
}
Event: 11.546 GC heap after
{Heap after GC invocations=46 (full 0):
 garbage-first heap   total 218112K, used 133453K [0x0000000080000000, 0x0000000100000000)
  region size 1024K, 7 young (7168K), 7 survivors (7168K)
 Metaspace       used 94359K, committed 95168K, reserved 1179648K
  class space    used 13105K, committed 13504K, reserved 1048576K
}
Event: 11.807 GC heap before
{Heap before GC invocations=46 (full 0):
 garbage-first heap   total 218112K, used 177485K [0x0000000080000000, 0x0000000100000000)
  region size 1024K, 50 young (51200K), 7 survivors (7168K)
 Metaspace       used 94524K, committed 95360K, reserved 1179648K
  class space    used 13110K, committed 13504K, reserved 1048576K
}
Event: 11.822 GC heap after
{Heap after GC invocations=47 (full 0):
 garbage-first heap   total 218112K, used 138886K [0x0000000080000000, 0x0000000100000000)
  region size 1024K, 7 young (7168K), 7 survivors (7168K)
 Metaspace       used 94524K, committed 95360K, reserved 1179648K
  class space    used 13110K, committed 13504K, reserved 1048576K
}
Event: 12.058 GC heap before
{Heap before GC invocations=47 (full 0):
 garbage-first heap   total 218112K, used 174726K [0x0000000080000000, 0x0000000100000000)
  region size 1024K, 42 young (43008K), 7 survivors (7168K)
 Metaspace       used 94820K, committed 95552K, reserved 1179648K
  class space    used 13143K, committed 13504K, reserved 1048576K
}
Event: 12.069 GC heap after
{Heap after GC invocations=48 (full 0):
 garbage-first heap   total 218112K, used 150162K [0x0000000080000000, 0x0000000100000000)
  region size 1024K, 6 young (6144K), 6 survivors (6144K)
 Metaspace       used 94820K, committed 95552K, reserved 1179648K
  class space    used 13143K, committed 13504K, reserved 1048576K
}
Event: 12.330 GC heap before
{Heap before GC invocations=48 (full 0):
 garbage-first heap   total 218112K, used 175762K [0x0000000080000000, 0x0000000100000000)
  region size 1024K, 32 young (32768K), 6 survivors (6144K)
 Metaspace       used 97710K, committed 98496K, reserved 1179648K
  class space    used 13491K, committed 13888K, reserved 1048576K
}

